2019-01-31 16:08:18 INFO  ClassPathXmlApplicationContext:582 - Refreshing org.springframework.context.support.ClassPathXmlApplicationContext@6a2f6f80: startup date [Thu Jan 31 16:08:18 IST 2019]; root of context hierarchy
2019-01-31 16:08:18 INFO  XmlBeanDefinitionReader:317 - Loading XML bean definitions from class path resource [cucumber.xml]
2019-01-31 16:08:19 INFO  ClassPathXmlApplicationContext:987 - Closing org.springframework.context.support.ClassPathXmlApplicationContext@6a2f6f80: startup date [Thu Jan 31 16:08:18 IST 2019]; root of context hierarchy
2019-01-31 16:10:24 INFO  ClassPathXmlApplicationContext:582 - Refreshing org.springframework.context.support.ClassPathXmlApplicationContext@6a2f6f80: startup date [Thu Jan 31 16:10:24 IST 2019]; root of context hierarchy
2019-01-31 16:10:25 INFO  XmlBeanDefinitionReader:317 - Loading XML bean definitions from class path resource [cucumber.xml]
2019-01-31 16:10:36 INFO  Log:37 - user entered
2019-01-31 16:10:43 INFO  ClassPathXmlApplicationContext:987 - Closing org.springframework.context.support.ClassPathXmlApplicationContext@6a2f6f80: startup date [Thu Jan 31 16:10:24 IST 2019]; root of context hierarchy
2019-01-31 16:15:35 INFO  ClassPathXmlApplicationContext:582 - Refreshing org.springframework.context.support.ClassPathXmlApplicationContext@6cc4cdb9: startup date [Thu Jan 31 16:15:35 IST 2019]; root of context hierarchy
2019-01-31 16:15:35 INFO  XmlBeanDefinitionReader:317 - Loading XML bean definitions from class path resource [cucumber.xml]
2019-01-31 16:15:47 INFO  Log:37 - User Selected One Way Trip.
2019-01-31 16:15:53 INFO  Log:45 - User Selected Source Location as : Mumbai and Destination as  : Delhi
2019-01-31 16:15:53 INFO  Log:52 - User Entered Departure Date as : 31/01/2019
2019-01-31 16:15:53 INFO  Log:54 - User Selected Adult count as : 5
2019-01-31 16:15:54 INFO  Log:60 - User Clicked on Search Button
2019-01-31 16:15:54 INFO  ClassPathXmlApplicationContext:987 - Closing org.springframework.context.support.ClassPathXmlApplicationContext@6cc4cdb9: startup date [Thu Jan 31 16:15:35 IST 2019]; root of context hierarchy
2019-01-31 17:01:00 INFO  ClassPathXmlApplicationContext:582 - Refreshing org.springframework.context.support.ClassPathXmlApplicationContext@6a2f6f80: startup date [Thu Jan 31 17:01:00 IST 2019]; root of context hierarchy
2019-01-31 17:01:00 INFO  XmlBeanDefinitionReader:317 - Loading XML bean definitions from class path resource [cucumber.xml]
2019-01-31 17:01:21 INFO  Log:37 - User Selected One Way Trip.
2019-01-31 17:01:52 INFO  ClassPathXmlApplicationContext:987 - Closing org.springframework.context.support.ClassPathXmlApplicationContext@6a2f6f80: startup date [Thu Jan 31 17:01:00 IST 2019]; root of context hierarchy
2019-01-31 17:07:55 INFO  ClassPathXmlApplicationContext:582 - Refreshing org.springframework.context.support.ClassPathXmlApplicationContext@6a2f6f80: startup date [Thu Jan 31 17:07:55 IST 2019]; root of context hierarchy
2019-01-31 17:07:55 INFO  XmlBeanDefinitionReader:317 - Loading XML bean definitions from class path resource [cucumber.xml]
2019-01-31 17:08:11 INFO  Log:37 - User Selected One Way Trip.
2019-01-31 17:08:42 INFO  ClassPathXmlApplicationContext:987 - Closing org.springframework.context.support.ClassPathXmlApplicationContext@6a2f6f80: startup date [Thu Jan 31 17:07:55 IST 2019]; root of context hierarchy
2019-01-31 17:10:25 INFO  ClassPathXmlApplicationContext:582 - Refreshing org.springframework.context.support.ClassPathXmlApplicationContext@71e9ddb4: startup date [Thu Jan 31 17:10:25 IST 2019]; root of context hierarchy
2019-01-31 17:10:25 INFO  XmlBeanDefinitionReader:317 - Loading XML bean definitions from class path resource [cucumber.xml]
2019-01-31 17:10:41 INFO  Log:37 - User Selected One Way Trip.
2019-01-31 17:10:46 INFO  Log:45 - User Selected Source Location as : Mumbai and Destination as  : Delhi
2019-01-31 17:10:46 INFO  Log:52 - User Entered Departure Date as : 31/01/2019
2019-01-31 17:10:46 INFO  Log:54 - User Selected Adult count as : 5
2019-01-31 17:10:47 INFO  Log:60 - User Clicked on Search Button
2019-01-31 17:10:47 INFO  ClassPathXmlApplicationContext:987 - Closing org.springframework.context.support.ClassPathXmlApplicationContext@71e9ddb4: startup date [Thu Jan 31 17:10:25 IST 2019]; root of context hierarchy
2019-02-01 11:26:32 INFO  ClassPathXmlApplicationContext:582 - Refreshing org.springframework.context.support.ClassPathXmlApplicationContext@50f6ac94: startup date [Fri Feb 01 11:26:32 IST 2019]; root of context hierarchy
2019-02-01 11:26:32 INFO  XmlBeanDefinitionReader:317 - Loading XML bean definitions from class path resource [cucumber.xml]
2019-02-01 11:26:32 INFO  ClassPathXmlApplicationContext:987 - Closing org.springframework.context.support.ClassPathXmlApplicationContext@50f6ac94: startup date [Fri Feb 01 11:26:32 IST 2019]; root of context hierarchy
2019-02-01 11:29:06 INFO  ClassPathXmlApplicationContext:582 - Refreshing org.springframework.context.support.ClassPathXmlApplicationContext@50f6ac94: startup date [Fri Feb 01 11:29:06 IST 2019]; root of context hierarchy
2019-02-01 11:29:06 INFO  XmlBeanDefinitionReader:317 - Loading XML bean definitions from class path resource [cucumber.xml]
2019-02-01 11:29:22 INFO  Log:37 - User Selected One Way Trip.
2019-02-01 11:29:25 INFO  Log:45 - User Selected Source Location as : Mumbai and Destination as  : Delhi
2019-02-01 11:29:25 INFO  Log:52 - User Entered Departure Date as : 10/02/2019
2019-02-01 11:29:26 INFO  Log:54 - User Selected Adult count as : 5
2019-02-01 11:29:26 INFO  Log:60 - User Clicked on Search Button
2019-02-01 11:29:47 INFO  Log:45 - User Selected Source Location as : Mumbai and Destination as  : Delhi
2019-02-01 11:29:47 INFO  Log:72 - User Entered Departure Date as : 10/02/2019
2019-02-01 11:29:47 INFO  Log:74 - User Entered Departure Date as : 10/02/2019
2019-02-01 11:29:47 INFO  Log:76 - User Selected Adult count as : 5
2019-02-01 11:29:48 INFO  ClassPathXmlApplicationContext:987 - Closing org.springframework.context.support.ClassPathXmlApplicationContext@50f6ac94: startup date [Fri Feb 01 11:29:06 IST 2019]; root of context hierarchy
2019-02-01 11:32:35 INFO  ClassPathXmlApplicationContext:582 - Refreshing org.springframework.context.support.ClassPathXmlApplicationContext@50f6ac94: startup date [Fri Feb 01 11:32:35 IST 2019]; root of context hierarchy
2019-02-01 11:32:36 INFO  XmlBeanDefinitionReader:317 - Loading XML bean definitions from class path resource [cucumber.xml]
2019-02-01 11:32:50 INFO  Log:37 - User Selected One Way Trip.
2019-02-01 11:32:55 INFO  Log:45 - User Selected Source Location as : Mumbai and Destination as  : Delhi
2019-02-01 11:32:55 INFO  Log:52 - User Entered Departure Date as : 10/02/2019
2019-02-01 11:32:55 INFO  Log:54 - User Selected Adult count as : 5
2019-02-01 11:32:55 INFO  Log:60 - User Clicked on Search Button
2019-02-01 11:33:18 INFO  Log:45 - User Selected Source Location as : Mumbai and Destination as  : Delhi
2019-02-01 11:33:18 INFO  Log:72 - User Entered Departure Date as : 10/02/2019
2019-02-01 11:33:18 INFO  Log:74 - User Entered Departure Date as : 10/02/2019
2019-02-01 11:33:18 INFO  Log:76 - User Selected Adult count as : 5
2019-02-01 11:33:20 INFO  ClassPathXmlApplicationContext:987 - Closing org.springframework.context.support.ClassPathXmlApplicationContext@50f6ac94: startup date [Fri Feb 01 11:32:35 IST 2019]; root of context hierarchy
2019-02-01 11:34:04 INFO  ClassPathXmlApplicationContext:582 - Refreshing org.springframework.context.support.ClassPathXmlApplicationContext@50f6ac94: startup date [Fri Feb 01 11:34:04 IST 2019]; root of context hierarchy
2019-02-01 11:34:04 INFO  XmlBeanDefinitionReader:317 - Loading XML bean definitions from class path resource [cucumber.xml]
2019-02-01 11:34:20 INFO  Log:37 - User Selected One Way Trip.
2019-02-01 11:34:25 INFO  Log:45 - User Selected Source Location as : Mumbai and Destination as  : Delhi
2019-02-01 11:34:25 INFO  Log:52 - User Entered Departure Date as : 10/02/2019
2019-02-01 11:34:26 INFO  Log:54 - User Selected Adult count as : 5
2019-02-01 11:34:26 INFO  Log:60 - User Clicked on Search Button
2019-02-01 11:34:46 INFO  Log:45 - User Selected Source Location as : Mumbai and Destination as  : Delhi
2019-02-01 11:34:46 INFO  Log:72 - User Entered Departure Date as : 10/02/2019
2019-02-01 11:34:46 INFO  Log:74 - User Entered Departure Date as : 10/02/2019
2019-02-01 11:34:47 INFO  Log:76 - User Selected Adult count as : 5
2019-02-01 11:34:47 INFO  Log:60 - User Clicked on Search Button
2019-02-01 11:34:48 INFO  ClassPathXmlApplicationContext:987 - Closing org.springframework.context.support.ClassPathXmlApplicationContext@50f6ac94: startup date [Fri Feb 01 11:34:04 IST 2019]; root of context hierarchy
2019-02-01 11:35:22 INFO  ClassPathXmlApplicationContext:582 - Refreshing org.springframework.context.support.ClassPathXmlApplicationContext@a1f72f5: startup date [Fri Feb 01 11:35:22 IST 2019]; root of context hierarchy
2019-02-01 11:35:22 INFO  XmlBeanDefinitionReader:317 - Loading XML bean definitions from class path resource [cucumber.xml]
2019-02-01 11:35:39 INFO  Log:37 - User Selected One Way Trip.
2019-02-01 11:35:45 INFO  Log:45 - User Selected Source Location as : Mumbai and Destination as  : Delhi
2019-02-01 11:35:46 INFO  Log:52 - User Entered Departure Date as : 10/02/2019
2019-02-01 11:35:46 INFO  Log:54 - User Selected Adult count as : 5
2019-02-01 11:35:46 INFO  Log:60 - User Clicked on Search Button
2019-02-01 11:36:08 INFO  Log:45 - User Selected Source Location as : Mumbai and Destination as  : Delhi
2019-02-01 11:36:09 INFO  Log:72 - User Entered Departure Date as : 10/02/2019
2019-02-01 11:36:09 INFO  Log:74 - User Entered Departure Date as : 10/02/2019
2019-02-01 11:36:09 INFO  Log:76 - User Selected Adult count as : 5
2019-02-01 11:36:09 INFO  Log:60 - User Clicked on Search Button
2019-02-01 11:36:11 INFO  ClassPathXmlApplicationContext:987 - Closing org.springframework.context.support.ClassPathXmlApplicationContext@a1f72f5: startup date [Fri Feb 01 11:35:22 IST 2019]; root of context hierarchy
2019-02-01 11:40:59 INFO  ClassPathXmlApplicationContext:582 - Refreshing org.springframework.context.support.ClassPathXmlApplicationContext@a1f72f5: startup date [Fri Feb 01 11:40:59 IST 2019]; root of context hierarchy
2019-02-01 11:40:59 INFO  XmlBeanDefinitionReader:317 - Loading XML bean definitions from class path resource [cucumber.xml]
2019-02-01 11:41:16 INFO  Log:37 - User Selected One Way Trip.
2019-02-01 11:41:20 INFO  Log:45 - User Selected Source Location as : Mumbai and Destination as  : Delhi
2019-02-01 11:41:20 INFO  Log:52 - User Entered Departure Date as : 10/02/2019
2019-02-01 11:41:20 INFO  Log:54 - User Selected Adult count as : 5
2019-02-01 11:41:21 INFO  Log:60 - User Clicked on Search Button
2019-02-01 11:41:42 INFO  Log:45 - User Selected Source Location as : Mumbai and Destination as  : Delhi
2019-02-01 11:41:42 INFO  Log:72 - User Entered Departure Date as : 10/02/2019
2019-02-01 11:41:42 INFO  Log:74 - User Entered Departure Date as : 10/02/2019
2019-02-01 11:41:42 INFO  Log:76 - User Selected Adult count as : 5
2019-02-01 11:41:42 INFO  Log:60 - User Clicked on Search Button
2019-02-01 11:41:43 INFO  ClassPathXmlApplicationContext:987 - Closing org.springframework.context.support.ClassPathXmlApplicationContext@a1f72f5: startup date [Fri Feb 01 11:40:59 IST 2019]; root of context hierarchy
2019-02-01 11:49:17 INFO  ClassPathXmlApplicationContext:582 - Refreshing org.springframework.context.support.ClassPathXmlApplicationContext@a1f72f5: startup date [Fri Feb 01 11:49:17 IST 2019]; root of context hierarchy
2019-02-01 11:49:17 INFO  XmlBeanDefinitionReader:317 - Loading XML bean definitions from class path resource [cucumber.xml]
2019-02-01 11:49:35 INFO  Log:37 - User Selected One Way Trip.
2019-02-01 11:49:40 INFO  Log:45 - User Selected Source Location as : Mumbai and Destination as  : Delhi
2019-02-01 11:49:41 INFO  Log:52 - User Entered Departure Date as : 10/02/2019
2019-02-01 11:49:41 INFO  Log:54 - User Selected Adult count as : 5
2019-02-01 11:49:41 INFO  Log:60 - User Clicked on Search Button
2019-02-01 11:50:09 INFO  Log:45 - User Selected Source Location as : Mumbai and Destination as  : Delhi
2019-02-01 11:50:09 INFO  Log:72 - User Entered Departure Date as : 10/02/2019
2019-02-01 11:50:09 INFO  Log:74 - User Entered Departure Date as : 10/02/2019
2019-02-01 11:50:09 INFO  Log:76 - User Selected Adult count as : 5
2019-02-01 11:50:11 INFO  Log:60 - User Clicked on Search ButtonVinesh
2019-02-01 11:50:12 INFO  ClassPathXmlApplicationContext:987 - Closing org.springframework.context.support.ClassPathXmlApplicationContext@a1f72f5: startup date [Fri Feb 01 11:49:17 IST 2019]; root of context hierarchy
